<?xml version="1.0" encoding="UTF-8"?>
<testsuite xmlns:xsi="http://www.w3.org/2001/XMLSchema-instance" xsi:noNamespaceSchemaLocation="https://maven.apache.org/surefire/maven-surefire-plugin/xsd/surefire-test-report.xsd" name="TestSuite" time="12.55" tests="1" errors="0" skipped="0" failures="0">
  <properties>
    <property name="sun.desktop" value="windows"/>
    <property name="awt.toolkit" value="sun.awt.windows.WToolkit"/>
    <property name="file.encoding.pkg" value="sun.io"/>
    <property name="java.specification.version" value="1.8"/>
    <property name="sun.cpu.isalist" value="amd64"/>
    <property name="sun.jnu.encoding" value="GBK"/>
    <property name="java.class.path" value="D:\Repository\Git_AthenaRep\Autotest\java_auto_Athena\AutoCommon\target\test-classes;D:\Repository\Git_AthenaRep\Autotest\java_auto_Athena\AutoCommon\target\classes;D:\Installs\Staitc Installs\apache-maven-3.6.3\localRepository\io\rest-assured\rest-assured\4.2.0\rest-assured-4.2.0.jar;D:\Installs\Staitc Installs\apache-maven-3.6.3\localRepository\org\codehaus\groovy\groovy\2.5.8\groovy-2.5.8.jar;D:\Installs\Staitc Installs\apache-maven-3.6.3\localRepository\org\codehaus\groovy\groovy-xml\2.5.8\groovy-xml-2.5.8.jar;D:\Installs\Staitc Installs\apache-maven-3.6.3\localRepository\org\apache\httpcomponents\httpclient\4.5.3\httpclient-4.5.3.jar;D:\Installs\Staitc Installs\apache-maven-3.6.3\localRepository\org\apache\httpcomponents\httpcore\4.4.6\httpcore-4.4.6.jar;D:\Installs\Staitc Installs\apache-maven-3.6.3\localRepository\commons-logging\commons-logging\1.2\commons-logging-1.2.jar;D:\Installs\Staitc Installs\apache-maven-3.6.3\localRepository\commons-codec\commons-codec\1.9\commons-codec-1.9.jar;D:\Installs\Staitc Installs\apache-maven-3.6.3\localRepository\org\apache\httpcomponents\httpmime\4.5.3\httpmime-4.5.3.jar;D:\Installs\Staitc Installs\apache-maven-3.6.3\localRepository\org\hamcrest\hamcrest\2.1\hamcrest-2.1.jar;D:\Installs\Staitc Installs\apache-maven-3.6.3\localRepository\org\ccil\cowan\tagsoup\tagsoup\1.2.1\tagsoup-1.2.1.jar;D:\Installs\Staitc Installs\apache-maven-3.6.3\localRepository\io\rest-assured\json-path\4.2.0\json-path-4.2.0.jar;D:\Installs\Staitc Installs\apache-maven-3.6.3\localRepository\org\codehaus\groovy\groovy-json\2.5.8\groovy-json-2.5.8.jar;D:\Installs\Staitc Installs\apache-maven-3.6.3\localRepository\io\rest-assured\rest-assured-common\4.2.0\rest-assured-common-4.2.0.jar;D:\Installs\Staitc Installs\apache-maven-3.6.3\localRepository\io\rest-assured\xml-path\4.2.0\xml-path-4.2.0.jar;D:\Installs\Staitc Installs\apache-maven-3.6.3\localRepository\jakarta\xml\bind\jakarta.xml.bind-api\2.3.2\jakarta.xml.bind-api-2.3.2.jar;D:\Installs\Staitc Installs\apache-maven-3.6.3\localRepository\jakarta\activation\jakarta.activation-api\1.2.1\jakarta.activation-api-1.2.1.jar;D:\Installs\Staitc Installs\apache-maven-3.6.3\localRepository\com\sun\xml\bind\jaxb-osgi\2.3.0.1\jaxb-osgi-2.3.0.1.jar;D:\Installs\Staitc Installs\apache-maven-3.6.3\localRepository\org\apache\sling\org.apache.sling.javax.activation\0.1.0\org.apache.sling.javax.activation-0.1.0.jar;D:\Installs\Staitc Installs\apache-maven-3.6.3\localRepository\javax\activation\activation\1.1.1\activation-1.1.1.jar;D:\Installs\Staitc Installs\apache-maven-3.6.3\localRepository\org\testng\testng\7.0.0\testng-7.0.0.jar;D:\Installs\Staitc Installs\apache-maven-3.6.3\localRepository\com\beust\jcommander\1.72\jcommander-1.72.jar;D:\Installs\Staitc Installs\apache-maven-3.6.3\localRepository\com\alibaba\fastjson\1.2.73\fastjson-1.2.73.jar;D:\Installs\Staitc Installs\apache-maven-3.6.3\localRepository\cn\afterturn\easypoi-base\4.0.0\easypoi-base-4.0.0.jar;D:\Installs\Staitc Installs\apache-maven-3.6.3\localRepository\org\apache\poi\poi\4.0.0\poi-4.0.0.jar;D:\Installs\Staitc Installs\apache-maven-3.6.3\localRepository\org\apache\commons\commons-collections4\4.2\commons-collections4-4.2.jar;D:\Installs\Staitc Installs\apache-maven-3.6.3\localRepository\org\apache\poi\poi-ooxml\4.0.0\poi-ooxml-4.0.0.jar;D:\Installs\Staitc Installs\apache-maven-3.6.3\localRepository\org\apache\commons\commons-compress\1.18\commons-compress-1.18.jar;D:\Installs\Staitc Installs\apache-maven-3.6.3\localRepository\com\github\virtuald\curvesapi\1.04\curvesapi-1.04.jar;D:\Installs\Staitc Installs\apache-maven-3.6.3\localRepository\org\apache\poi\poi-ooxml-schemas\4.0.0\poi-ooxml-schemas-4.0.0.jar;D:\Installs\Staitc Installs\apache-maven-3.6.3\localRepository\org\apache\xmlbeans\xmlbeans\3.0.1\xmlbeans-3.0.1.jar;D:\Installs\Staitc Installs\apache-maven-3.6.3\localRepository\com\google\guava\guava\16.0.1\guava-16.0.1.jar;D:\Installs\Staitc Installs\apache-maven-3.6.3\localRepository\org\apache\commons\commons-lang3\3.2.1\commons-lang3-3.2.1.jar;D:\Installs\Staitc Installs\apache-maven-3.6.3\localRepository\ognl\ognl\3.2.6\ognl-3.2.6.jar;D:\Installs\Staitc Installs\apache-maven-3.6.3\localRepository\org\javassist\javassist\3.20.0-GA\javassist-3.20.0-GA.jar;D:\Installs\Staitc Installs\apache-maven-3.6.3\localRepository\org\slf4j\slf4j-api\1.6.1\slf4j-api-1.6.1.jar;D:\Installs\Staitc Installs\apache-maven-3.6.3\localRepository\javax\validation\validation-api\1.1.0.Final\validation-api-1.1.0.Final.jar;D:\Installs\Staitc Installs\apache-maven-3.6.3\localRepository\cn\afterturn\easypoi-annotation\4.0.0\easypoi-annotation-4.0.0.jar;D:\Installs\Staitc Installs\apache-maven-3.6.3\localRepository\commons-dbutils\commons-dbutils\1.6\commons-dbutils-1.6.jar;D:\Installs\Staitc Installs\apache-maven-3.6.3\localRepository\mysql\mysql-connector-java\5.1.38\mysql-connector-java-5.1.38.jar;D:\Installs\Staitc Installs\apache-maven-3.6.3\localRepository\log4j\log4j\1.2.12\log4j-1.2.12.jar;D:\Installs\Staitc Installs\apache-maven-3.6.3\localRepository\io\qameta\allure\allure-testng\2.6.0\allure-testng-2.6.0.jar;D:\Installs\Staitc Installs\apache-maven-3.6.3\localRepository\io\qameta\allure\allure-descriptions-javadoc\2.6.0\allure-descriptions-javadoc-2.6.0.jar;D:\Installs\Staitc Installs\apache-maven-3.6.3\localRepository\commons-io\commons-io\2.5\commons-io-2.5.jar;D:\Installs\Staitc Installs\apache-maven-3.6.3\localRepository\io\qameta\allure\allure-java-commons\2.6.0\allure-java-commons-2.6.0.jar;D:\Installs\Staitc Installs\apache-maven-3.6.3\localRepository\io\qameta\allure\allure2-model-api\1.0-BETA6\allure2-model-api-1.0-BETA6.jar;D:\Installs\Staitc Installs\apache-maven-3.6.3\localRepository\io\qameta\allure\allure2-model-pojo\1.0-BETA6\allure2-model-pojo-1.0-BETA6.jar;D:\Installs\Staitc Installs\apache-maven-3.6.3\localRepository\org\apache\tika\tika-core\1.14\tika-core-1.14.jar;D:\Installs\Staitc Installs\apache-maven-3.6.3\localRepository\io\qameta\allure\allure2-model-jackson\1.0-BETA6\allure2-model-jackson-1.0-BETA6.jar;D:\Installs\Staitc Installs\apache-maven-3.6.3\localRepository\com\fasterxml\jackson\core\jackson-databind\2.7.0\jackson-databind-2.7.0.jar;D:\Installs\Staitc Installs\apache-maven-3.6.3\localRepository\com\fasterxml\jackson\core\jackson-annotations\2.7.0\jackson-annotations-2.7.0.jar;D:\Installs\Staitc Installs\apache-maven-3.6.3\localRepository\com\fasterxml\jackson\core\jackson-core\2.7.0\jackson-core-2.7.0.jar;D:\Installs\Staitc Installs\apache-maven-3.6.3\localRepository\com\fasterxml\jackson\module\jackson-module-jaxb-annotations\2.7.0\jackson-module-jaxb-annotations-2.7.0.jar;D:\Installs\Staitc Installs\apache-maven-3.6.3\localRepository\org\aspectj\aspectjrt\1.8.10\aspectjrt-1.8.10.jar;D:\Installs\Staitc Installs\apache-maven-3.6.3\localRepository\org\jooq\joor\0.9.6\joor-0.9.6.jar;"/>
    <property name="java.vm.vendor" value="Oracle Corporation"/>
    <property name="sun.arch.data.model" value="64"/>
    <property name="user.variant" value=""/>
    <property name="java.vendor.url" value="http://java.oracle.com/"/>
    <property name="user.timezone" value="Asia/Shanghai"/>
    <property name="java.vm.specification.version" value="1.8"/>
    <property name="os.name" value="Windows 10"/>
    <property name="user.country" value="CN"/>
    <property name="sun.java.launcher" value="SUN_STANDARD"/>
    <property name="sun.boot.library.path" value="D:\Installs\Program Files\Java\jdk1.8.0_111\jre\bin"/>
    <property name="sun.java.command" value="C:\Users\gugibv\AppData\Local\Temp\surefire9022498873252293718\surefirebooter4333311059196017169.jar C:\Users\gugibv\AppData\Local\Temp\surefire9022498873252293718 2022-08-07T16-47-54_143-jvmRun1 surefire1720077441755893311tmp surefire_04785651814737527222tmp"/>
    <property name="surefire.test.class.path" value="D:\Repository\Git_AthenaRep\Autotest\java_auto_Athena\AutoCommon\target\test-classes;D:\Repository\Git_AthenaRep\Autotest\java_auto_Athena\AutoCommon\target\classes;D:\Installs\Staitc Installs\apache-maven-3.6.3\localRepository\io\rest-assured\rest-assured\4.2.0\rest-assured-4.2.0.jar;D:\Installs\Staitc Installs\apache-maven-3.6.3\localRepository\org\codehaus\groovy\groovy\2.5.8\groovy-2.5.8.jar;D:\Installs\Staitc Installs\apache-maven-3.6.3\localRepository\org\codehaus\groovy\groovy-xml\2.5.8\groovy-xml-2.5.8.jar;D:\Installs\Staitc Installs\apache-maven-3.6.3\localRepository\org\apache\httpcomponents\httpclient\4.5.3\httpclient-4.5.3.jar;D:\Installs\Staitc Installs\apache-maven-3.6.3\localRepository\org\apache\httpcomponents\httpcore\4.4.6\httpcore-4.4.6.jar;D:\Installs\Staitc Installs\apache-maven-3.6.3\localRepository\commons-logging\commons-logging\1.2\commons-logging-1.2.jar;D:\Installs\Staitc Installs\apache-maven-3.6.3\localRepository\commons-codec\commons-codec\1.9\commons-codec-1.9.jar;D:\Installs\Staitc Installs\apache-maven-3.6.3\localRepository\org\apache\httpcomponents\httpmime\4.5.3\httpmime-4.5.3.jar;D:\Installs\Staitc Installs\apache-maven-3.6.3\localRepository\org\hamcrest\hamcrest\2.1\hamcrest-2.1.jar;D:\Installs\Staitc Installs\apache-maven-3.6.3\localRepository\org\ccil\cowan\tagsoup\tagsoup\1.2.1\tagsoup-1.2.1.jar;D:\Installs\Staitc Installs\apache-maven-3.6.3\localRepository\io\rest-assured\json-path\4.2.0\json-path-4.2.0.jar;D:\Installs\Staitc Installs\apache-maven-3.6.3\localRepository\org\codehaus\groovy\groovy-json\2.5.8\groovy-json-2.5.8.jar;D:\Installs\Staitc Installs\apache-maven-3.6.3\localRepository\io\rest-assured\rest-assured-common\4.2.0\rest-assured-common-4.2.0.jar;D:\Installs\Staitc Installs\apache-maven-3.6.3\localRepository\io\rest-assured\xml-path\4.2.0\xml-path-4.2.0.jar;D:\Installs\Staitc Installs\apache-maven-3.6.3\localRepository\jakarta\xml\bind\jakarta.xml.bind-api\2.3.2\jakarta.xml.bind-api-2.3.2.jar;D:\Installs\Staitc Installs\apache-maven-3.6.3\localRepository\jakarta\activation\jakarta.activation-api\1.2.1\jakarta.activation-api-1.2.1.jar;D:\Installs\Staitc Installs\apache-maven-3.6.3\localRepository\com\sun\xml\bind\jaxb-osgi\2.3.0.1\jaxb-osgi-2.3.0.1.jar;D:\Installs\Staitc Installs\apache-maven-3.6.3\localRepository\org\apache\sling\org.apache.sling.javax.activation\0.1.0\org.apache.sling.javax.activation-0.1.0.jar;D:\Installs\Staitc Installs\apache-maven-3.6.3\localRepository\javax\activation\activation\1.1.1\activation-1.1.1.jar;D:\Installs\Staitc Installs\apache-maven-3.6.3\localRepository\org\testng\testng\7.0.0\testng-7.0.0.jar;D:\Installs\Staitc Installs\apache-maven-3.6.3\localRepository\com\beust\jcommander\1.72\jcommander-1.72.jar;D:\Installs\Staitc Installs\apache-maven-3.6.3\localRepository\com\alibaba\fastjson\1.2.73\fastjson-1.2.73.jar;D:\Installs\Staitc Installs\apache-maven-3.6.3\localRepository\cn\afterturn\easypoi-base\4.0.0\easypoi-base-4.0.0.jar;D:\Installs\Staitc Installs\apache-maven-3.6.3\localRepository\org\apache\poi\poi\4.0.0\poi-4.0.0.jar;D:\Installs\Staitc Installs\apache-maven-3.6.3\localRepository\org\apache\commons\commons-collections4\4.2\commons-collections4-4.2.jar;D:\Installs\Staitc Installs\apache-maven-3.6.3\localRepository\org\apache\poi\poi-ooxml\4.0.0\poi-ooxml-4.0.0.jar;D:\Installs\Staitc Installs\apache-maven-3.6.3\localRepository\org\apache\commons\commons-compress\1.18\commons-compress-1.18.jar;D:\Installs\Staitc Installs\apache-maven-3.6.3\localRepository\com\github\virtuald\curvesapi\1.04\curvesapi-1.04.jar;D:\Installs\Staitc Installs\apache-maven-3.6.3\localRepository\org\apache\poi\poi-ooxml-schemas\4.0.0\poi-ooxml-schemas-4.0.0.jar;D:\Installs\Staitc Installs\apache-maven-3.6.3\localRepository\org\apache\xmlbeans\xmlbeans\3.0.1\xmlbeans-3.0.1.jar;D:\Installs\Staitc Installs\apache-maven-3.6.3\localRepository\com\google\guava\guava\16.0.1\guava-16.0.1.jar;D:\Installs\Staitc Installs\apache-maven-3.6.3\localRepository\org\apache\commons\commons-lang3\3.2.1\commons-lang3-3.2.1.jar;D:\Installs\Staitc Installs\apache-maven-3.6.3\localRepository\ognl\ognl\3.2.6\ognl-3.2.6.jar;D:\Installs\Staitc Installs\apache-maven-3.6.3\localRepository\org\javassist\javassist\3.20.0-GA\javassist-3.20.0-GA.jar;D:\Installs\Staitc Installs\apache-maven-3.6.3\localRepository\org\slf4j\slf4j-api\1.6.1\slf4j-api-1.6.1.jar;D:\Installs\Staitc Installs\apache-maven-3.6.3\localRepository\javax\validation\validation-api\1.1.0.Final\validation-api-1.1.0.Final.jar;D:\Installs\Staitc Installs\apache-maven-3.6.3\localRepository\cn\afterturn\easypoi-annotation\4.0.0\easypoi-annotation-4.0.0.jar;D:\Installs\Staitc Installs\apache-maven-3.6.3\localRepository\commons-dbutils\commons-dbutils\1.6\commons-dbutils-1.6.jar;D:\Installs\Staitc Installs\apache-maven-3.6.3\localRepository\mysql\mysql-connector-java\5.1.38\mysql-connector-java-5.1.38.jar;D:\Installs\Staitc Installs\apache-maven-3.6.3\localRepository\log4j\log4j\1.2.12\log4j-1.2.12.jar;D:\Installs\Staitc Installs\apache-maven-3.6.3\localRepository\io\qameta\allure\allure-testng\2.6.0\allure-testng-2.6.0.jar;D:\Installs\Staitc Installs\apache-maven-3.6.3\localRepository\io\qameta\allure\allure-descriptions-javadoc\2.6.0\allure-descriptions-javadoc-2.6.0.jar;D:\Installs\Staitc Installs\apache-maven-3.6.3\localRepository\commons-io\commons-io\2.5\commons-io-2.5.jar;D:\Installs\Staitc Installs\apache-maven-3.6.3\localRepository\io\qameta\allure\allure-java-commons\2.6.0\allure-java-commons-2.6.0.jar;D:\Installs\Staitc Installs\apache-maven-3.6.3\localRepository\io\qameta\allure\allure2-model-api\1.0-BETA6\allure2-model-api-1.0-BETA6.jar;D:\Installs\Staitc Installs\apache-maven-3.6.3\localRepository\io\qameta\allure\allure2-model-pojo\1.0-BETA6\allure2-model-pojo-1.0-BETA6.jar;D:\Installs\Staitc Installs\apache-maven-3.6.3\localRepository\org\apache\tika\tika-core\1.14\tika-core-1.14.jar;D:\Installs\Staitc Installs\apache-maven-3.6.3\localRepository\io\qameta\allure\allure2-model-jackson\1.0-BETA6\allure2-model-jackson-1.0-BETA6.jar;D:\Installs\Staitc Installs\apache-maven-3.6.3\localRepository\com\fasterxml\jackson\core\jackson-databind\2.7.0\jackson-databind-2.7.0.jar;D:\Installs\Staitc Installs\apache-maven-3.6.3\localRepository\com\fasterxml\jackson\core\jackson-annotations\2.7.0\jackson-annotations-2.7.0.jar;D:\Installs\Staitc Installs\apache-maven-3.6.3\localRepository\com\fasterxml\jackson\core\jackson-core\2.7.0\jackson-core-2.7.0.jar;D:\Installs\Staitc Installs\apache-maven-3.6.3\localRepository\com\fasterxml\jackson\module\jackson-module-jaxb-annotations\2.7.0\jackson-module-jaxb-annotations-2.7.0.jar;D:\Installs\Staitc Installs\apache-maven-3.6.3\localRepository\org\aspectj\aspectjrt\1.8.10\aspectjrt-1.8.10.jar;D:\Installs\Staitc Installs\apache-maven-3.6.3\localRepository\org\jooq\joor\0.9.6\joor-0.9.6.jar;"/>
    <property name="sun.cpu.endian" value="little"/>
    <property name="allure.results.directory" value="D:\Repository\Git_AthenaRep\Autotest\java_auto_Athena\AutoCommon\target/allure-results"/>
    <property name="user.home" value="C:\Users\gugibv"/>
    <property name="user.language" value="zh"/>
    <property name="java.specification.vendor" value="Oracle Corporation"/>
    <property name="java.home" value="D:\Installs\Program Files\Java\jdk1.8.0_111\jre"/>
    <property name="basedir" value="D:\Repository\Git_AthenaRep\Autotest\java_auto_Athena\AutoCommon"/>
    <property name="file.separator" value="\"/>
    <property name="line.separator" value="&#10;"/>
    <property name="java.vm.specification.vendor" value="Oracle Corporation"/>
    <property name="java.specification.name" value="Java Platform API Specification"/>
    <property name="java.awt.graphicsenv" value="sun.awt.Win32GraphicsEnvironment"/>
    <property name="idea.version2020.1.1" value="true"/>
    <property name="surefire.real.class.path" value="C:\Users\gugibv\AppData\Local\Temp\surefire9022498873252293718\surefirebooter4333311059196017169.jar;D:\Installs\Staitc Installs\apache-maven-3.6.3\localRepository/org/aspectj/aspectjweaver/1.9.2/aspectjweaver-1.9.2.jar"/>
    <property name="sun.boot.class.path" value="D:\Installs\Program Files\Java\jdk1.8.0_111\jre\lib\resources.jar;D:\Installs\Program Files\Java\jdk1.8.0_111\jre\lib\rt.jar;D:\Installs\Program Files\Java\jdk1.8.0_111\jre\lib\sunrsasign.jar;D:\Installs\Program Files\Java\jdk1.8.0_111\jre\lib\jsse.jar;D:\Installs\Program Files\Java\jdk1.8.0_111\jre\lib\jce.jar;D:\Installs\Program Files\Java\jdk1.8.0_111\jre\lib\charsets.jar;D:\Installs\Program Files\Java\jdk1.8.0_111\jre\lib\jfr.jar;D:\Installs\Program Files\Java\jdk1.8.0_111\jre\classes"/>
    <property name="user.script" value=""/>
    <property name="sun.management.compiler" value="HotSpot 64-Bit Tiered Compilers"/>
    <property name="java.runtime.version" value="1.8.0_111-b14"/>
    <property name="user.name" value="Grey"/>
    <property name="path.separator" value=";"/>
    <property name="os.version" value="10.0"/>
    <property name="java.endorsed.dirs" value="D:\Installs\Program Files\Java\jdk1.8.0_111\jre\lib\endorsed"/>
    <property name="java.runtime.name" value="Java(TM) SE Runtime Environment"/>
    <property name="file.encoding" value="UTF-8"/>
    <property name="java.vm.name" value="Java HotSpot(TM) 64-Bit Server VM"/>
    <property name="localRepository" value="D:\Installs\Staitc Installs\apache-maven-3.6.3\localRepository"/>
    <property name="java.vendor.url.bug" value="http://bugreport.sun.com/bugreport/"/>
    <property name="java.io.tmpdir" value="C:\Users\gugibv\AppData\Local\Temp\"/>
    <property name="java.version" value="1.8.0_111"/>
    <property name="user.dir" value="D:\Repository\Git_AthenaRep\Autotest\java_auto_Athena\AutoCommon"/>
    <property name="os.arch" value="amd64"/>
    <property name="java.vm.specification.name" value="Java Virtual Machine Specification"/>
    <property name="java.awt.printerjob" value="sun.awt.windows.WPrinterJob"/>
    <property name="sun.os.patch.level" value=""/>
    <property name="java.library.path" value="D:\Installs\Program Files\Java\jdk1.8.0_111\jre\bin;C:\WINDOWS\Sun\Java\bin;C:\WINDOWS\system32;C:\WINDOWS;C:\WINDOWS\system32;C:\WINDOWS;C:\WINDOWS\System32\Wbem;C:\WINDOWS\System32\WindowsPowerShell\v1.0\;C:\WINDOWS\System32\OpenSSH\;D:\Installs\Staitc Installs\apache-maven-3.6.3\bin;D:\Installs\Program Files\Java\jdk1.8.0_111\bin;D:\Installs\Program Files\Java\jdk1.8.0_111\jre\bin;D:\Installs\Program Files\TortoiseSVN\bin;D:\Installs\Program Files\nodejs\node_global;D:\Installs\Program Files\Git\cmd;D:\Installs\Program Files\TortoiseGit\bin;D:\Installs\Program Files (x86)\Git\cmd;D:\Installs\Program Files\nodejs\;C:\Users\gugibv\AppData\Local\Microsoft\WindowsApps;D:\Installs\Program Files\nodejs\node_global;;D:\Installs\Program Files\Microsoft VS Code\bin;C:\Users\gugibv\AppData\Roaming\npm;."/>
    <property name="java.vm.info" value="mixed mode"/>
    <property name="java.vendor" value="Oracle Corporation"/>
    <property name="java.vm.version" value="25.111-b14"/>
    <property name="java.ext.dirs" value="D:\Installs\Program Files\Java\jdk1.8.0_111\jre\lib\ext;C:\WINDOWS\Sun\Java\lib\ext"/>
    <property name="sun.io.unicode.encoding" value="UnicodeLittle"/>
    <property name="maven.repo.local" value="D:\Installs\Staitc Installs\apache-maven-3.6.3\localRepository"/>
    <property name="java.class.version" value="52.0"/>
  </properties>
  <testcase name="adminloginCase" classname="com.cn.cases.AdminLogin" time="6.688"/>
</testsuite>