<?xml version="1.0" encoding="UTF-8"?>
<!-- Generated by org.testng.reporters.JUnitReportReporter -->
<testsuite skipped="0" hostname="LAPTOP-71EJ98GK" name="com.cn.cases.AdminLogin" tests="1" failures="0" timestamp="2022-08-07T16:48:08 CST" time="6.527" errors="0">
  <testcase name="adminloginCase" time="6.527" classname="com.cn.cases.AdminLogin"/>
</testsuite> <!-- com.cn.cases.AdminLogin -->
